<?xml version="1.0" encoding="utf-8" standalone="no"?>
<test-run id="2" testcasecount="114" result="Passed" total="114" passed="0" failed="0" inconclusive="0" skipped="0" asserts="0" engine-version="3.2.1.0" clr-version="4.0.30319.17020" start-time="2016-06-12 08:00:53Z" end-time="2016-06-12 08:00:54Z" duration="0.393036">
  <command-line><![CDATA[/private/var/tmp/travis-ci/csharp/packages/NUnit.ConsoleRunner.3.2.1/tools/nunit3-console.exe src/IO.Swagger.Test/bin/debug/IO.Swagger.Test.dll]]></command-line>
  <test-suite type="Assembly" id="1-1139" name="/private/var/tmp/travis-ci/csharp/src/IO.Swagger.Test/bin/debug/IO.Swagger.Test.dll" fullname="/private/var/tmp/travis-ci/csharp/src/IO.Swagger.Test/bin/debug/IO.Swagger.Test.dll" runstate="Runnable" testcasecount="114" result="Passed" duration="0.268450" total="114" passed="0" failed="0" inconclusive="0" skipped="0" asserts="0">
    <properties>
      <property name="_PID" value="59942" />
      <property name="_APPDOMAIN" value="test-domain-" />
    </properties>
    <test-suite type="Namespace" id="1-1140" name="IO" fullname="IO" runstate="Runnable" testcasecount="114" result="Passed" duration="0.262725" total="114" passed="0" failed="0" inconclusive="0" skipped="0" asserts="0">
      <test-suite type="Namespace" id="1-1141" name="Swagger" fullname="IO.Swagger" runstate="Runnable" testcasecount="114" result="Passed" duration="0.262181" total="114" passed="0" failed="0" inconclusive="0" skipped="0" asserts="0">
        <test-suite type="Namespace" id="1-1142" name="Test" fullname="IO.Swagger.Test" runstate="Runnable" testcasecount="114" result="Passed" duration="0.261685" total="114" passed="0" failed="0" inconclusive="0" skipped="0" asserts="0">
          <test-suite type="TestFixture" id="1-1029" name="AdditionalPropertiesClassTests" fullname="IO.Swagger.Test.AdditionalPropertiesClassTests" runstate="Runnable" testcasecount="3" result="Passed" duration="0.027339" total="3" passed="0" failed="0" inconclusive="0" skipped="0" asserts="0">
            <test-case id="1-1030" name="AdditionalPropertiesClassInstanceTest" fullname="IO.Swagger.Test.AdditionalPropertiesClassTests.AdditionalPropertiesClassInstanceTest" runstate="Runnable" result="Passed" duration="0.006406" asserts="0" />
            <test-case id="1-1032" name="MapOfMapPropertyTest" fullname="IO.Swagger.Test.AdditionalPropertiesClassTests.MapOfMapPropertyTest" runstate="Runnable" result="Passed" duration="0.000147" asserts="0" />
            <test-case id="1-1031" name="MapPropertyTest" fullname="IO.Swagger.Test.AdditionalPropertiesClassTests.MapPropertyTest" runstate="Runnable" result="Passed" duration="0.000116" asserts="0" />
          </test-suite>
          <test-suite type="TestFixture" id="1-1033" name="AnimalFarmTests" fullname="IO.Swagger.Test.AnimalFarmTests" runstate="Runnable" testcasecount="1" result="Passed" duration="0.000808" total="1" passed="0" failed="0" inconclusive="0" skipped="0" asserts="0">
            <test-case id="1-1034" name="AnimalFarmInstanceTest" fullname="IO.Swagger.Test.AnimalFarmTests.AnimalFarmInstanceTest" runstate="Runnable" result="Passed" duration="0.000145" asserts="0" />
          </test-suite>
          <test-suite type="TestFixture" id="1-1035" name="AnimalTests" fullname="IO.Swagger.Test.AnimalTests" runstate="Runnable" testcasecount="3" result="Passed" duration="0.006589" total="3" passed="0" failed="0" inconclusive="0" skipped="0" asserts="0">
            <test-case id="1-1036" name="AnimalInstanceTest" fullname="IO.Swagger.Test.AnimalTests.AnimalInstanceTest" runstate="Runnable" result="Passed" duration="0.000130" asserts="0" />
            <test-case id="1-1037" name="ClassNameTest" fullname="IO.Swagger.Test.AnimalTests.ClassNameTest" runstate="Runnable" result="Passed" duration="0.000107" asserts="0" />
            <test-case id="1-1038" name="ColorTest" fullname="IO.Swagger.Test.AnimalTests.ColorTest" runstate="Runnable" result="Passed" duration="0.000139" asserts="0" />
          </test-suite>
          <test-suite type="TestFixture" id="1-1039" name="ApiResponseTests" fullname="IO.Swagger.Test.ApiResponseTests" runstate="Runnable" testcasecount="4" result="Passed" duration="0.004311" total="4" passed="0" failed="0" inconclusive="0" skipped="0" asserts="0">
            <test-case id="1-1040" name="ApiResponseInstanceTest" fullname="IO.Swagger.Test.ApiResponseTests.ApiResponseInstanceTest" runstate="Runnable" result="Passed" duration="0.000136" asserts="0" />
            <test-case id="1-1041" name="CodeTest" fullname="IO.Swagger.Test.ApiResponseTests.CodeTest" runstate="Runnable" result="Passed" duration="0.000100" asserts="0" />
            <test-case id="1-1043" name="MessageTest" fullname="IO.Swagger.Test.ApiResponseTests.MessageTest" runstate="Runnable" result="Passed" duration="0.000142" asserts="0" />
            <test-case id="1-1042" name="TypeTest" fullname="IO.Swagger.Test.ApiResponseTests.TypeTest" runstate="Runnable" result="Passed" duration="0.000118" asserts="0" />
          </test-suite>
          <test-suite type="TestFixture" id="1-1044" name="ArrayTestTests" fullname="IO.Swagger.Test.ArrayTestTests" runstate="Runnable" testcasecount="4" result="Passed" duration="0.004213" total="4" passed="0" failed="0" inconclusive="0" skipped="0" asserts="0">
            <test-case id="1-1047" name="ArrayArrayOfIntegerTest" fullname="IO.Swagger.Test.ArrayTestTests.ArrayArrayOfIntegerTest" runstate="Runnable" result="Passed" duration="0.000125" asserts="0" />
            <test-case id="1-1048" name="ArrayArrayOfModelTest" fullname="IO.Swagger.Test.ArrayTestTests.ArrayArrayOfModelTest" runstate="Runnable" result="Passed" duration="0.000103" asserts="0" />
            <test-case id="1-1046" name="ArrayOfStringTest" fullname="IO.Swagger.Test.ArrayTestTests.ArrayOfStringTest" runstate="Runnable" result="Passed" duration="0.000118" asserts="0" />
            <test-case id="1-1045" name="ArrayTestInstanceTest" fullname="IO.Swagger.Test.ArrayTestTests.ArrayTestInstanceTest" runstate="Runnable" result="Passed" duration="0.000100" asserts="0" />
          </test-suite>
          <test-suite type="TestFixture" id="1-1054" name="CategoryTests" fullname="IO.Swagger.Test.CategoryTests" runstate="Runnable" testcasecount="3" result="Passed" duration="0.003156" total="3" passed="0" failed="0" inconclusive="0" skipped="0" asserts="0">
            <test-case id="1-1055" name="CategoryInstanceTest" fullname="IO.Swagger.Test.CategoryTests.CategoryInstanceTest" runstate="Runnable" result="Passed" duration="0.000147" asserts="0" />
            <test-case id="1-1056" name="IdTest" fullname="IO.Swagger.Test.CategoryTests.IdTest" runstate="Runnable" result="Passed" duration="0.000134" asserts="0" />
            <test-case id="1-1057" name="NameTest" fullname="IO.Swagger.Test.CategoryTests.NameTest" runstate="Runnable" result="Passed" duration="0.000122" asserts="0" />
          </test-suite>
          <test-suite type="TestFixture" id="1-1049" name="CatTests" fullname="IO.Swagger.Test.CatTests" runstate="Runnable" testcasecount="4" result="Passed" duration="0.004234" total="4" passed="0" failed="0" inconclusive="0" skipped="0" asserts="0">
            <test-case id="1-1050" name="CatInstanceTest" fullname="IO.Swagger.Test.CatTests.CatInstanceTest" runstate="Runnable" result="Passed" duration="0.000137" asserts="0" />
            <test-case id="1-1051" name="ClassNameTest" fullname="IO.Swagger.Test.CatTests.ClassNameTest" runstate="Runnable" result="Passed" duration="0.000113" asserts="0" />
            <test-case id="1-1052" name="ColorTest" fullname="IO.Swagger.Test.CatTests.ColorTest" runstate="Runnable" result="Passed" duration="0.000133" asserts="0" />
            <test-case id="1-1053" name="DeclawedTest" fullname="IO.Swagger.Test.CatTests.DeclawedTest" runstate="Runnable" result="Passed" duration="0.000101" asserts="0" />
          </test-suite>
          <test-suite type="TestFixture" id="1-1058" name="DogTests" fullname="IO.Swagger.Test.DogTests" runstate="Runnable" testcasecount="4" result="Passed" duration="0.004423" total="4" passed="0" failed="0" inconclusive="0" skipped="0" asserts="0">
            <test-case id="1-1062" name="BreedTest" fullname="IO.Swagger.Test.DogTests.BreedTest" runstate="Runnable" result="Passed" duration="0.000147" asserts="0" />
            <test-case id="1-1060" name="ClassNameTest" fullname="IO.Swagger.Test.DogTests.ClassNameTest" runstate="Runnable" result="Passed" duration="0.000130" asserts="0" />
            <test-case id="1-1061" name="ColorTest" fullname="IO.Swagger.Test.DogTests.ColorTest" runstate="Runnable" result="Passed" duration="0.000132" asserts="0" />
            <test-case id="1-1059" name="DogInstanceTest" fullname="IO.Swagger.Test.DogTests.DogInstanceTest" runstate="Runnable" result="Passed" duration="0.000134" asserts="0" />
          </test-suite>
          <test-suite type="TestFixture" id="1-1063" name="EnumClassTests" fullname="IO.Swagger.Test.EnumClassTests" runstate="Runnable" testcasecount="1" result="Passed" duration="0.000714" total="1" passed="0" failed="0" inconclusive="0" skipped="0" asserts="0">
            <test-case id="1-1064" name="EnumClassInstanceTest" fullname="IO.Swagger.Test.EnumClassTests.EnumClassInstanceTest" runstate="Runnable" result="Passed" duration="0.000150" asserts="0" />
          </test-suite>
          <test-suite type="TestFixture" id="1-1065" name="EnumTestTests" fullname="IO.Swagger.Test.EnumTestTests" runstate="Runnable" testcasecount="4" result="Passed" duration="0.004374" total="4" passed="0" failed="0" inconclusive="0" skipped="0" asserts="0">
            <test-case id="1-1068" name="EnumIntegerTest" fullname="IO.Swagger.Test.EnumTestTests.EnumIntegerTest" runstate="Runnable" result="Passed" duration="0.000145" asserts="0" />
            <test-case id="1-1069" name="EnumNumberTest" fullname="IO.Swagger.Test.EnumTestTests.EnumNumberTest" runstate="Runnable" result="Passed" duration="0.000123" asserts="0" />
            <test-case id="1-1067" name="EnumStringTest" fullname="IO.Swagger.Test.EnumTestTests.EnumStringTest" runstate="Runnable" result="Passed" duration="0.000111" asserts="0" />
            <test-case id="1-1066" name="EnumTestInstanceTest" fullname="IO.Swagger.Test.EnumTestTests.EnumTestInstanceTest" runstate="Runnable" result="Passed" duration="0.000116" asserts="0" />
          </test-suite>
          <test-suite type="TestFixture" id="1-1000" name="FakeApiTests" fullname="IO.Swagger.Test.FakeApiTests" runstate="Runnable" testcasecount="2" result="Passed" duration="0.050417" total="2" passed="0" failed="0" inconclusive="0" skipped="0" asserts="0">
            <test-case id="1-1001" name="InstanceTest" fullname="IO.Swagger.Test.FakeApiTests.InstanceTest" runstate="Runnable" result="Passed" duration="0.047929" asserts="1" />
            <test-case id="1-1002" name="TestEndpointParametersTest" fullname="IO.Swagger.Test.FakeApiTests.TestEndpointParametersTest" runstate="Runnable" result="Passed" duration="0.000131" asserts="0" />
          </test-suite>
          <test-suite type="TestFixture" id="1-1070" name="FormatTestTests" fullname="IO.Swagger.Test.FormatTestTests" runstate="Runnable" testcasecount="14" result="Passed" duration="0.023522" total="14" passed="0" failed="0" inconclusive="0" skipped="0" asserts="0">
            <test-case id="1-1079" name="_ByteTest" fullname="IO.Swagger.Test.FormatTestTests._ByteTest" runstate="Runnable" result="Passed" duration="0.000227" asserts="0" />
            <test-case id="1-1077" name="_DoubleTest" fullname="IO.Swagger.Test.FormatTestTests._DoubleTest" runstate="Runnable" result="Passed" duration="0.000139" asserts="0" />
            <test-case id="1-1076" name="_FloatTest" fullname="IO.Swagger.Test.FormatTestTests._FloatTest" runstate="Runnable" result="Passed" duration="0.000116" asserts="0" />
            <test-case id="1-1078" name="_StringTest" fullname="IO.Swagger.Test.FormatTestTests._StringTest" runstate="Runnable" result="Passed" duration="0.000195" asserts="0" />
            <test-case id="1-1080" name="BinaryTest" fullname="IO.Swagger.Test.FormatTestTests.BinaryTest" runstate="Runnable" result="Passed" duration="0.000139" asserts="0" />
            <test-case id="1-1081" name="DateTest" fullname="IO.Swagger.Test.FormatTestTests.DateTest" runstate="Runnable" result="Passed" duration="0.000146" asserts="0" />
            <test-case id="1-1082" name="DateTimeTest" fullname="IO.Swagger.Test.FormatTestTests.DateTimeTest" runstate="Runnable" result="Passed" duration="0.000119" asserts="0" />
            <test-case id="1-1071" name="FormatTestInstanceTest" fullname="IO.Swagger.Test.FormatTestTests.FormatTestInstanceTest" runstate="Runnable" result="Passed" duration="0.000126" asserts="0" />
            <test-case id="1-1073" name="Int32Test" fullname="IO.Swagger.Test.FormatTestTests.Int32Test" runstate="Runnable" result="Passed" duration="0.000147" asserts="0" />
            <test-case id="1-1074" name="Int64Test" fullname="IO.Swagger.Test.FormatTestTests.Int64Test" runstate="Runnable" result="Passed" duration="0.000130" asserts="0" />
            <test-case id="1-1072" name="IntegerTest" fullname="IO.Swagger.Test.FormatTestTests.IntegerTest" runstate="Runnable" result="Passed" duration="0.000101" asserts="0" />
            <test-case id="1-1075" name="NumberTest" fullname="IO.Swagger.Test.FormatTestTests.NumberTest" runstate="Runnable" result="Passed" duration="0.000107" asserts="0" />
            <test-case id="1-1084" name="PasswordTest" fullname="IO.Swagger.Test.FormatTestTests.PasswordTest" runstate="Runnable" result="Passed" duration="0.000109" asserts="0" />
            <test-case id="1-1083" name="UuidTest" fullname="IO.Swagger.Test.FormatTestTests.UuidTest" runstate="Runnable" result="Passed" duration="0.000100" asserts="0" />
          </test-suite>
          <test-suite type="TestFixture" id="1-1085" name="MixedPropertiesAndAdditionalPropertiesClassTests" fullname="IO.Swagger.Test.MixedPropertiesAndAdditionalPropertiesClassTests" runstate="Runnable" testcasecount="4" result="Passed" duration="0.004318" total="4" passed="0" failed="0" inconclusive="0" skipped="0" asserts="0">
            <test-case id="1-1088" name="DateTimeTest" fullname="IO.Swagger.Test.MixedPropertiesAndAdditionalPropertiesClassTests.DateTimeTest" runstate="Runnable" result="Passed" duration="0.000137" asserts="0" />
            <test-case id="1-1089" name="MapTest" fullname="IO.Swagger.Test.MixedPropertiesAndAdditionalPropertiesClassTests.MapTest" runstate="Runnable" result="Passed" duration="0.000164" asserts="0" />
            <test-case id="1-1086" name="MixedPropertiesAndAdditionalPropertiesClassInstanceTest" fullname="IO.Swagger.Test.MixedPropertiesAndAdditionalPropertiesClassTests.MixedPropertiesAndAdditionalPropertiesClassInstanceTest" runstate="Runnable" result="Passed" duration="0.000107" asserts="0" />
            <test-case id="1-1087" name="UuidTest" fullname="IO.Swagger.Test.MixedPropertiesAndAdditionalPropertiesClassTests.UuidTest" runstate="Runnable" result="Passed" duration="0.000116" asserts="0" />
          </test-suite>
          <test-suite type="TestFixture" id="1-1090" name="Model200ResponseTests" fullname="IO.Swagger.Test.Model200ResponseTests" runstate="Runnable" testcasecount="2" result="Passed" duration="0.001899" total="2" passed="0" failed="0" inconclusive="0" skipped="0" asserts="0">
            <test-case id="1-1091" name="Model200ResponseInstanceTest" fullname="IO.Swagger.Test.Model200ResponseTests.Model200ResponseInstanceTest" runstate="Runnable" result="Passed" duration="0.000150" asserts="0" />
            <test-case id="1-1092" name="NameTest" fullname="IO.Swagger.Test.Model200ResponseTests.NameTest" runstate="Runnable" result="Passed" duration="0.000115" asserts="0" />
          </test-suite>
          <test-suite type="TestFixture" id="1-1093" name="ModelReturnTests" fullname="IO.Swagger.Test.ModelReturnTests" runstate="Runnable" testcasecount="2" result="Passed" duration="0.001851" total="2" passed="0" failed="0" inconclusive="0" skipped="0" asserts="0">
            <test-case id="1-1095" name="_ReturnTest" fullname="IO.Swagger.Test.ModelReturnTests._ReturnTest" runstate="Runnable" result="Passed" duration="0.000124" asserts="0" />
            <test-case id="1-1094" name="ModelReturnInstanceTest" fullname="IO.Swagger.Test.ModelReturnTests.ModelReturnInstanceTest" runstate="Runnable" result="Passed" duration="0.000123" asserts="0" />
          </test-suite>
          <test-suite type="TestFixture" id="1-1096" name="NameTests" fullname="IO.Swagger.Test.NameTests" runstate="Runnable" testcasecount="5" result="Passed" duration="0.005738" total="5" passed="0" failed="0" inconclusive="0" skipped="0" asserts="0">
            <test-case id="1-1101" name="_123NumberTest" fullname="IO.Swagger.Test.NameTests._123NumberTest" runstate="Runnable" result="Passed" duration="0.000134" asserts="0" />
            <test-case id="1-1098" name="_NameTest" fullname="IO.Swagger.Test.NameTests._NameTest" runstate="Runnable" result="Passed" duration="0.000158" asserts="0" />
            <test-case id="1-1097" name="NameInstanceTest" fullname="IO.Swagger.Test.NameTests.NameInstanceTest" runstate="Runnable" result="Passed" duration="0.000145" asserts="0" />
            <test-case id="1-1100" name="PropertyTest" fullname="IO.Swagger.Test.NameTests.PropertyTest" runstate="Runnable" result="Passed" duration="0.000124" asserts="0" />
            <test-case id="1-1099" name="SnakeCaseTest" fullname="IO.Swagger.Test.NameTests.SnakeCaseTest" runstate="Runnable" result="Passed" duration="0.000114" asserts="0" />
          </test-suite>
          <test-suite type="TestFixture" id="1-1102" name="OrderTests" fullname="IO.Swagger.Test.OrderTests" runstate="Runnable" testcasecount="7" result="Passed" duration="0.007816" total="7" passed="0" failed="0" inconclusive="0" skipped="0" asserts="0">
            <test-case id="1-1109" name="CompleteTest" fullname="IO.Swagger.Test.OrderTests.CompleteTest" runstate="Runnable" result="Passed" duration="0.000159" asserts="0" />
            <test-case id="1-1104" name="IdTest" fullname="IO.Swagger.Test.OrderTests.IdTest" runstate="Runnable" result="Passed" duration="0.000113" asserts="0" />
            <test-case id="1-1103" name="OrderInstanceTest" fullname="IO.Swagger.Test.OrderTests.OrderInstanceTest" runstate="Runnable" result="Passed" duration="0.000117" asserts="0" />
            <test-case id="1-1105" name="PetIdTest" fullname="IO.Swagger.Test.OrderTests.PetIdTest" runstate="Runnable" result="Passed" duration="0.000111" asserts="0" />
            <test-case id="1-1106" name="QuantityTest" fullname="IO.Swagger.Test.OrderTests.QuantityTest" runstate="Runnable" result="Passed" duration="0.000112" asserts="0" />
            <test-case id="1-1107" name="ShipDateTest" fullname="IO.Swagger.Test.OrderTests.ShipDateTest" runstate="Runnable" result="Passed" duration="0.000121" asserts="0" />
            <test-case id="1-1108" name="StatusTest" fullname="IO.Swagger.Test.OrderTests.StatusTest" runstate="Runnable" result="Passed" duration="0.000100" asserts="0" />
          </test-suite>
          <test-suite type="TestFixture" id="1-1003" name="PetApiTests" fullname="IO.Swagger.Test.PetApiTests" runstate="Runnable" testcasecount="9" result="Passed" duration="0.010940" total="9" passed="0" failed="0" inconclusive="0" skipped="0" asserts="0">
            <test-case id="1-1005" name="AddPetTest" fullname="IO.Swagger.Test.PetApiTests.AddPetTest" runstate="Runnable" result="Passed" duration="0.000724" asserts="0" />
            <test-case id="1-1006" name="DeletePetTest" fullname="IO.Swagger.Test.PetApiTests.DeletePetTest" runstate="Runnable" result="Passed" duration="0.000124" asserts="0" />
            <test-case id="1-1007" name="FindPetsByStatusTest" fullname="IO.Swagger.Test.PetApiTests.FindPetsByStatusTest" runstate="Runnable" result="Passed" duration="0.000119" asserts="0" />
            <test-case id="1-1008" name="FindPetsByTagsTest" fullname="IO.Swagger.Test.PetApiTests.FindPetsByTagsTest" runstate="Runnable" result="Passed" duration="0.000132" asserts="0" />
            <test-case id="1-1009" name="GetPetByIdTest" fullname="IO.Swagger.Test.PetApiTests.GetPetByIdTest" runstate="Runnable" result="Passed" duration="0.000113" asserts="0" />
            <test-case id="1-1004" name="InstanceTest" fullname="IO.Swagger.Test.PetApiTests.InstanceTest" runstate="Runnable" result="Passed" duration="0.000202" asserts="1" />
            <test-case id="1-1010" name="UpdatePetTest" fullname="IO.Swagger.Test.PetApiTests.UpdatePetTest" runstate="Runnable" result="Passed" duration="0.000117" asserts="0" />
            <test-case id="1-1011" name="UpdatePetWithFormTest" fullname="IO.Swagger.Test.PetApiTests.UpdatePetWithFormTest" runstate="Runnable" result="Passed" duration="0.000114" asserts="0" />
            <test-case id="1-1012" name="UploadFileTest" fullname="IO.Swagger.Test.PetApiTests.UploadFileTest" runstate="Runnable" result="Passed" duration="0.000112" asserts="0" />
          </test-suite>
          <test-suite type="TestFixture" id="1-1110" name="PetTests" fullname="IO.Swagger.Test.PetTests" runstate="Runnable" testcasecount="7" result="Passed" duration="0.008954" total="7" passed="0" failed="0" inconclusive="0" skipped="0" asserts="0">
            <test-case id="1-1113" name="CategoryTest" fullname="IO.Swagger.Test.PetTests.CategoryTest" runstate="Runnable" result="Passed" duration="0.000144" asserts="0" />
            <test-case id="1-1112" name="IdTest" fullname="IO.Swagger.Test.PetTests.IdTest" runstate="Runnable" result="Passed" duration="0.000147" asserts="0" />
            <test-case id="1-1114" name="NameTest" fullname="IO.Swagger.Test.PetTests.NameTest" runstate="Runnable" result="Passed" duration="0.000114" asserts="0" />
            <test-case id="1-1111" name="PetInstanceTest" fullname="IO.Swagger.Test.PetTests.PetInstanceTest" runstate="Runnable" result="Passed" duration="0.000112" asserts="0" />
            <test-case id="1-1115" name="PhotoUrlsTest" fullname="IO.Swagger.Test.PetTests.PhotoUrlsTest" runstate="Runnable" result="Passed" duration="0.000115" asserts="0" />
            <test-case id="1-1117" name="StatusTest" fullname="IO.Swagger.Test.PetTests.StatusTest" runstate="Runnable" result="Passed" duration="0.000198" asserts="0" />
            <test-case id="1-1116" name="TagsTest" fullname="IO.Swagger.Test.PetTests.TagsTest" runstate="Runnable" result="Passed" duration="0.000121" asserts="0" />
          </test-suite>
          <test-suite type="TestFixture" id="1-1118" name="ReadOnlyFirstTests" fullname="IO.Swagger.Test.ReadOnlyFirstTests" runstate="Runnable" testcasecount="3" result="Passed" duration="0.003171" total="3" passed="0" failed="0" inconclusive="0" skipped="0" asserts="0">
            <test-case id="1-1120" name="BarTest" fullname="IO.Swagger.Test.ReadOnlyFirstTests.BarTest" runstate="Runnable" result="Passed" duration="0.000149" asserts="0" />
            <test-case id="1-1121" name="BazTest" fullname="IO.Swagger.Test.ReadOnlyFirstTests.BazTest" runstate="Runnable" result="Passed" duration="0.000121" asserts="0" />
            <test-case id="1-1119" name="ReadOnlyFirstInstanceTest" fullname="IO.Swagger.Test.ReadOnlyFirstTests.ReadOnlyFirstInstanceTest" runstate="Runnable" result="Passed" duration="0.000115" asserts="0" />
          </test-suite>
          <test-suite type="TestFixture" id="1-1122" name="SpecialModelNameTests" fullname="IO.Swagger.Test.SpecialModelNameTests" runstate="Runnable" testcasecount="2" result="Passed" duration="0.001808" total="2" passed="0" failed="0" inconclusive="0" skipped="0" asserts="0">
            <test-case id="1-1123" name="SpecialModelNameInstanceTest" fullname="IO.Swagger.Test.SpecialModelNameTests.SpecialModelNameInstanceTest" runstate="Runnable" result="Passed" duration="0.000134" asserts="0" />
            <test-case id="1-1124" name="SpecialPropertyNameTest" fullname="IO.Swagger.Test.SpecialModelNameTests.SpecialPropertyNameTest" runstate="Runnable" result="Passed" duration="0.000108" asserts="0" />
          </test-suite>
          <test-suite type="TestFixture" id="1-1013" name="StoreApiTests" fullname="IO.Swagger.Test.StoreApiTests" runstate="Runnable" testcasecount="5" result="Passed" duration="0.005964" total="5" passed="0" failed="0" inconclusive="0" skipped="0" asserts="0">
            <test-case id="1-1015" name="DeleteOrderTest" fullname="IO.Swagger.Test.StoreApiTests.DeleteOrderTest" runstate="Runnable" result="Passed" duration="0.000557" asserts="0" />
            <test-case id="1-1016" name="GetInventoryTest" fullname="IO.Swagger.Test.StoreApiTests.GetInventoryTest" runstate="Runnable" result="Passed" duration="0.000113" asserts="0" />
            <test-case id="1-1017" name="GetOrderByIdTest" fullname="IO.Swagger.Test.StoreApiTests.GetOrderByIdTest" runstate="Runnable" result="Passed" duration="0.000102" asserts="0" />
            <test-case id="1-1014" name="InstanceTest" fullname="IO.Swagger.Test.StoreApiTests.InstanceTest" runstate="Runnable" result="Passed" duration="0.000179" asserts="1" />
            <test-case id="1-1018" name="PlaceOrderTest" fullname="IO.Swagger.Test.StoreApiTests.PlaceOrderTest" runstate="Runnable" result="Passed" duration="0.000105" asserts="0" />
          </test-suite>
          <test-suite type="TestFixture" id="1-1125" name="TagTests" fullname="IO.Swagger.Test.TagTests" runstate="Runnable" testcasecount="3" result="Passed" duration="0.003063" total="3" passed="0" failed="0" inconclusive="0" skipped="0" asserts="0">
            <test-case id="1-1127" name="IdTest" fullname="IO.Swagger.Test.TagTests.IdTest" runstate="Runnable" result="Passed" duration="0.000163" asserts="0" />
            <test-case id="1-1128" name="NameTest" fullname="IO.Swagger.Test.TagTests.NameTest" runstate="Runnable" result="Passed" duration="0.000131" asserts="0" />
            <test-case id="1-1126" name="TagInstanceTest" fullname="IO.Swagger.Test.TagTests.TagInstanceTest" runstate="Runnable" result="Passed" duration="0.000112" asserts="0" />
          </test-suite>
          <test-suite type="TestFixture" id="1-1019" name="UserApiTests" fullname="IO.Swagger.Test.UserApiTests" runstate="Runnable" testcasecount="9" result="Passed" duration="0.010394" total="9" passed="0" failed="0" inconclusive="0" skipped="0" asserts="0">
            <test-case id="1-1022" name="CreateUsersWithArrayInputTest" fullname="IO.Swagger.Test.UserApiTests.CreateUsersWithArrayInputTest" runstate="Runnable" result="Passed" duration="0.000653" asserts="0" />
            <test-case id="1-1023" name="CreateUsersWithListInputTest" fullname="IO.Swagger.Test.UserApiTests.CreateUsersWithListInputTest" runstate="Runnable" result="Passed" duration="0.000109" asserts="0" />
            <test-case id="1-1021" name="CreateUserTest" fullname="IO.Swagger.Test.UserApiTests.CreateUserTest" runstate="Runnable" result="Passed" duration="0.000101" asserts="0" />
            <test-case id="1-1024" name="DeleteUserTest" fullname="IO.Swagger.Test.UserApiTests.DeleteUserTest" runstate="Runnable" result="Passed" duration="0.000096" asserts="0" />
            <test-case id="1-1025" name="GetUserByNameTest" fullname="IO.Swagger.Test.UserApiTests.GetUserByNameTest" runstate="Runnable" result="Passed" duration="0.000147" asserts="0" />
            <test-case id="1-1020" name="InstanceTest" fullname="IO.Swagger.Test.UserApiTests.InstanceTest" runstate="Runnable" result="Passed" duration="0.000182" asserts="1" />
            <test-case id="1-1026" name="LoginUserTest" fullname="IO.Swagger.Test.UserApiTests.LoginUserTest" runstate="Runnable" result="Passed" duration="0.000096" asserts="0" />
            <test-case id="1-1027" name="LogoutUserTest" fullname="IO.Swagger.Test.UserApiTests.LogoutUserTest" runstate="Runnable" result="Passed" duration="0.000114" asserts="0" />
            <test-case id="1-1028" name="UpdateUserTest" fullname="IO.Swagger.Test.UserApiTests.UpdateUserTest" runstate="Runnable" result="Passed" duration="0.000098" asserts="0" />
          </test-suite>
          <test-suite type="TestFixture" id="1-1129" name="UserTests" fullname="IO.Swagger.Test.UserTests" runstate="Runnable" testcasecount="9" result="Passed" duration="0.011010" total="9" passed="0" failed="0" inconclusive="0" skipped="0" asserts="0">
            <test-case id="1-1135" name="EmailTest" fullname="IO.Swagger.Test.UserTests.EmailTest" runstate="Runnable" result="Passed" duration="0.000126" asserts="0" />
            <test-case id="1-1133" name="FirstNameTest" fullname="IO.Swagger.Test.UserTests.FirstNameTest" runstate="Runnable" result="Passed" duration="0.000117" asserts="0" />
            <test-case id="1-1131" name="IdTest" fullname="IO.Swagger.Test.UserTests.IdTest" runstate="Runnable" result="Passed" duration="0.000099" asserts="0" />
            <test-case id="1-1134" name="LastNameTest" fullname="IO.Swagger.Test.UserTests.LastNameTest" runstate="Runnable" result="Passed" duration="0.000129" asserts="0" />
            <test-case id="1-1136" name="PasswordTest" fullname="IO.Swagger.Test.UserTests.PasswordTest" runstate="Runnable" result="Passed" duration="0.000160" asserts="0" />
            <test-case id="1-1137" name="PhoneTest" fullname="IO.Swagger.Test.UserTests.PhoneTest" runstate="Runnable" result="Passed" duration="0.000126" asserts="0" />
            <test-case id="1-1130" name="UserInstanceTest" fullname="IO.Swagger.Test.UserTests.UserInstanceTest" runstate="Runnable" result="Passed" duration="0.000110" asserts="0" />
            <test-case id="1-1132" name="UsernameTest" fullname="IO.Swagger.Test.UserTests.UsernameTest" runstate="Runnable" result="Passed" duration="0.000120" asserts="0" />
            <test-case id="1-1138" name="UserStatusTest" fullname="IO.Swagger.Test.UserTests.UserStatusTest" runstate="Runnable" result="Passed" duration="0.000117" asserts="0" />
          </test-suite>
        </test-suite>
      </test-suite>
    </test-suite>
  </test-suite>
</test-run>